<?xml version="1.0" encoding="UTF-8"?>
<beans xmlns:mvc="http://www.springframework.org/schema/mvc"
	xmlns:xsi="http://www.w3.org/2001/XMLSchema-instance" xmlns="http://www.springframework.org/schema/beans"
	xmlns:context="http://www.springframework.org/schema/context" xmlns:tx="http://www.springframework.org/schema/tx"
	xsi:schemaLocation="http://www.springframework.org/schema/mvc http://www.springframework.org/schema/mvc/spring-mvc.xsd
		http://www.springframework.org/schema/beans http://www.springframework.org/schema/beans/spring-beans.xsd
		http://www.springframework.org/schema/tx http://www.springframework.org/schema/tx/spring-tx.xsd
		http://www.springframework.org/schema/context http://www.springframework.org/schema/context/spring-context.xsd">
	<mvc:annotation-driven enable-matrix-variables="true"
		validator="validator" />
	<mvc:resources mapping="/resources/**" location="/resources/" />
	<mvc:interceptors>
		<bean class="org.springframework.web.servlet.i18n.LocaleChangeInterceptor">
			<property name="paramName" value="language" />
		</bean>
		<bean class="pl.silverpoint.interceptor.AuditingInterceptor" />
	</mvc:interceptors>
	<context:component-scan base-package="pl.silverpoint" />
	<bean
		class="org.springframework.web.servlet.view.InternalResourceViewResolver">
		<property name="prefix" value="/WEB-INF/views/" />
		<property name="suffix" value=".jsp" />
	</bean>

	<bean id="sessionFactory"
		class="org.springframework.orm.hibernate4.LocalSessionFactoryBean">
		<property name="dataSource" ref="dataSource" />
		<property name="annotatedClasses">
			<list>
				<value>pl.silverpoint.domain.User</value>
				<value>pl.silverpoint.domain.Service</value>
			</list>
		</property>
		<property name="configLocation" value="classpath:hibernate.cfg.xml" />
	</bean>

	<bean id="dataSource"
		class="org.springframework.jdbc.datasource.DriverManagerDataSource">
		<property name="driverClassName" value="com.mysql.jdbc.Driver" />
		<property name="url" value="jdbc:mysql://localhost:3306/silverpointdb" />
		<property name="username" value="root" />
		<property name="password" value="@n1ch1L@t0r" />
	</bean>

	<tx:annotation-driven />
	<bean id="transactionManager"
		class="org.springframework.orm.hibernate4.HibernateTransactionManager">
		<property name="sessionFactory" ref="sessionFactory" />
	</bean>

	<bean id="userDaoImpl" class="pl.silverpoint.dao.impl.UserDaoImpl" />

	<bean id="serviceDaoImpl" class="pl.silverpoint.dao.impl.ServiceDaoImpl" />

	<bean id="messageSource"
		class="org.springframework.context.support.ResourceBundleMessageSource">
		<property name="basename" value="messages" />
	</bean>

	<bean id="localeResolver"
		class="org.springframework.web.servlet.i18n.SessionLocaleResolver">
		<property name="defaultLocale" value="pl" />
	</bean>

	<bean id="tilesViewResolver"
		class="org.springframework.web.servlet.view.UrlBasedViewResolver">
		<property name="viewClass"
			value="org.springframework.web.servlet.view.tiles3.TilesView" />
		<property name="order" value="-2" />
	</bean>

	<bean id="tilesConfigurer"
		class="org.springframework.web.servlet.view.tiles3.TilesConfigurer">
		<property name="definitions">
			<list>
				<value>/WEB-INF/tiles/definitions/tile-definition.xml</value>
				<value>/WEB-INF/tiles/definitions/service-definition.xml</value>
			</list>
		</property>
	</bean>

	<bean id="validator"
		class="org.springframework.validation.beanvalidation.LocalValidatorFactoryBean">
		<property name="validationMessageSource" ref="messageSource" />
	</bean>

	 <bean id="contentNegotiationManager"  class="org.springframework.web.accept.ContentNegotiationManagerFactoryBean">
        <property name="favorPathExtension" value="true" />
        <property name="ignoreAcceptHeader" value="true"/>
        <property name="useJaf" value="false"/>
        <property name="defaultContentType" value="text/html" />

        <property name="mediaTypes">
            <map>
            	<entry key="html" value="text/html"/>
            	<entry key="json" value="application/json"/>
            	<entry key="xml" value="application/xml;charset=UTF-8" />
           </map>
        </property>
    </bean>
    


	<bean id="jsonView"
		class="org.springframework.web.servlet.view.json.MappingJackson2JsonView">
		<property name="prettyPrint" value="true" />
	</bean>

	<bean id="xmlView"
		class="org.springframework.web.servlet.view.xml.MarshallingView">
		<constructor-arg>
			<bean class="org.springframework.oxm.jaxb.Jaxb2Marshaller">
				<property name="classesToBeBound">
					<list>
						<value>pl.silverpoint.domain.Service</value>
						<value>pl.silverpoint.domain.User</value>
					</list>
				</property>
			</bean>
		</constructor-arg>
	</bean>

</beans>